<?xml version="1.0" encoding="UTF-8"?>
<coverage generated="1731877921218" clover="3.2.0">
  <project timestamp="1731877921218" name="All files">
    <metrics statements="11" coveredstatements="10" conditionals="8" coveredconditionals="7" methods="1" coveredmethods="1" elements="20" coveredelements="18" complexity="0" loc="11" ncloc="11" packages="1" files="1" classes="1"/>
    <file name="factorialize.js" path="D:\FrontEnd\JestTest\factorialize.js">
      <metrics statements="11" coveredstatements="10" conditionals="8" coveredconditionals="7" methods="1" coveredmethods="1"/>
      <line num="2" count="5" type="cond" truecount="1" falsecount="1"/>
      <line num="3" count="0" type="stmt"/>
      <line num="4" count="5" type="cond" truecount="2" falsecount="0"/>
      <line num="5" count="1" type="stmt"/>
      <line num="7" count="4" type="cond" truecount="4" falsecount="0"/>
      <line num="8" count="2" type="stmt"/>
      <line num="10" count="2" type="stmt"/>
      <line num="11" count="2" type="stmt"/>
      <line num="12" count="13" type="stmt"/>
      <line num="13" count="13" type="stmt"/>
      <line num="15" count="2" type="stmt"/>
    </file>
  </project>
</coverage>
