{"D:\\FrontEnd\\JestTest\\factorialize.js": {"path":"D:\\FrontEnd\\JestTest\\factorialize.js","statementMap":{"0":{"start":{"line":2,"column":4},"end":{"line":17,"column":5}},"1":{"start":{"line":3,"column":8},"end":{"line":3,"column":82}},"2":{"start":{"line":4,"column":11},"end":{"line":17,"column":5}},"3":{"start":{"line":5,"column":8},"end":{"line":5,"column":73}},"4":{"start":{"line":7,"column":8},"end":{"line":16,"column":9}},"5":{"start":{"line":8,"column":12},"end":{"line":8,"column":20}},"6":{"start":{"line":10,"column":25},"end":{"line":10,"column":31}},"7":{"start":{"line":11,"column":12},"end":{"line":14,"column":13}},"8":{"start":{"line":12,"column":16},"end":{"line":12,"column":25}},"9":{"start":{"line":13,"column":16},"end":{"line":13,"column":33}},"10":{"start":{"line":15,"column":12},"end":{"line":15,"column":26}}},"fnMap":{"0":{"name":"factorialize","decl":{"start":{"line":1,"column":9},"end":{"line":1,"column":21}},"loc":{"start":{"line":1,"column":30},"end":{"line":18,"column":1}},"line":1}},"branchMap":{"0":{"loc":{"start":{"line":2,"column":4},"end":{"line":17,"column":5}},"type":"if","locations":[{"start":{"line":2,"column":4},"end":{"line":17,"column":5}},{"start":{"line":4,"column":11},"end":{"line":17,"column":5}}],"line":2},"1":{"loc":{"start":{"line":4,"column":11},"end":{"line":17,"column":5}},"type":"if","locations":[{"start":{"line":4,"column":11},"end":{"line":17,"column":5}},{"start":{"line":6,"column":11},"end":{"line":17,"column":5}}],"line":4},"2":{"loc":{"start":{"line":7,"column":8},"end":{"line":16,"column":9}},"type":"if","locations":[{"start":{"line":7,"column":8},"end":{"line":16,"column":9}},{"start":{"line":9,"column":15},"end":{"line":16,"column":9}}],"line":7},"3":{"loc":{"start":{"line":7,"column":12},"end":{"line":7,"column":38}},"type":"binary-expr","locations":[{"start":{"line":7,"column":12},"end":{"line":7,"column":23}},{"start":{"line":7,"column":27},"end":{"line":7,"column":38}}],"line":7}},"s":{"0":5,"1":0,"2":5,"3":1,"4":4,"5":2,"6":2,"7":2,"8":13,"9":13,"10":2},"f":{"0":5},"b":{"0":[0,5],"1":[1,4],"2":[2,2],"3":[4,3]},"_coverageSchema":"1a1c01bbd47fc00a2c39e90264f33305004495a9","hash":"f463d320d91934378d38524f90f9b0ccea8f8382"}
}
